CRITICAL - 2024-08-16 00:00:38 --> Error: Class "Kreait\Firebase\Factory" not found
[Method: GET, Route: firebase]
in APPPATH\Libraries\Firebase.php on line 18.
 1 APPPATH\Controllers\FirebaseController.php(14): App\Libraries\Firebase->__construct()
 2 SYSTEMPATH\CodeIgniter.php(903): App\Controllers\FirebaseController->__construct()
 3 SYSTEMPATH\CodeIgniter.php(500): CodeIgniter\CodeIgniter->createController()
 4 SYSTEMPATH\CodeIgniter.php(355): CodeIgniter\CodeIgniter->handleRequest(null, Object(Config\Cache), false)
 5 SYSTEMPATH\Boot.php(325): CodeIgniter\CodeIgniter->run()
 6 SYSTEMPATH\Boot.php(67): CodeIgniter\Boot::runCodeIgniter(Object(CodeIgniter\CodeIgniter))
 7 FCPATH\index.php(56): CodeIgniter\Boot::bootWeb(Object(Config\Paths))
 8 SYSTEMPATH\rewrite.php(44): require_once('E:\\xampp\\htdocs\\Skripsi\\smart-feeding\\public\\index.php')
CRITICAL - 2024-08-16 00:05:04 --> Error: Class "Kreait\Firebase\Factory" not found
[Method: GET, Route: firebase]
in APPPATH\Libraries\Firebase.php on line 18.
 1 APPPATH\Controllers\FirebaseController.php(14): App\Libraries\Firebase->__construct()
 2 SYSTEMPATH\CodeIgniter.php(903): App\Controllers\FirebaseController->__construct()
 3 SYSTEMPATH\CodeIgniter.php(500): CodeIgniter\CodeIgniter->createController()
 4 SYSTEMPATH\CodeIgniter.php(355): CodeIgniter\CodeIgniter->handleRequest(null, Object(Config\Cache), false)
 5 SYSTEMPATH\Boot.php(325): CodeIgniter\CodeIgniter->run()
 6 SYSTEMPATH\Boot.php(67): CodeIgniter\Boot::runCodeIgniter(Object(CodeIgniter\CodeIgniter))
 7 FCPATH\index.php(56): CodeIgniter\Boot::bootWeb(Object(Config\Paths))
 8 SYSTEMPATH\rewrite.php(44): require_once('E:\\xampp\\htdocs\\Skripsi\\smart-feeding\\public\\index.php')
CRITICAL - 2024-08-16 01:00:32 --> ErrorException: Undefined variable $numRecords
[Method: GET, Route: laporan]
in APPPATH\Controllers\Laporan.php on line 15.
 1 APPPATH\Controllers\Laporan.php(15): CodeIgniter\Debug\Exceptions->errorHandler(2, 'Undefined variable $numRecords', 'E:\\xampp\\htdocs\\Skripsi\\smart-feeding\\app\\Controllers\\Laporan.php', 15)
 2 SYSTEMPATH\CodeIgniter.php(933): App\Controllers\Laporan->index()
 3 SYSTEMPATH\CodeIgniter.php(509): CodeIgniter\CodeIgniter->runController(Object(App\Controllers\Laporan))
 4 SYSTEMPATH\CodeIgniter.php(355): CodeIgniter\CodeIgniter->handleRequest(null, Object(Config\Cache), false)
 5 SYSTEMPATH\Boot.php(325): CodeIgniter\CodeIgniter->run()
 6 SYSTEMPATH\Boot.php(67): CodeIgniter\Boot::runCodeIgniter(Object(CodeIgniter\CodeIgniter))
 7 FCPATH\index.php(56): CodeIgniter\Boot::bootWeb(Object(Config\Paths))
 8 SYSTEMPATH\rewrite.php(44): require_once('E:\\xampp\\htdocs\\Skripsi\\smart-feeding\\public\\index.php')
CRITICAL - 2024-08-16 01:00:54 --> Error: Call to undefined function generateDummyData()
[Method: GET, Route: laporan]
in APPPATH\Views\laporan.php on line 48.
 1 SYSTEMPATH\View\View.php(234): include()
 2 SYSTEMPATH\View\View.php(237): CodeIgniter\View\View->CodeIgniter\View\{closure}()
 3 SYSTEMPATH\Common.php(1169): CodeIgniter\View\View->render('laporan', [], true)
 4 APPPATH\Controllers\Laporan.php(39): view('laporan', [...])
 5 SYSTEMPATH\CodeIgniter.php(933): App\Controllers\Laporan->index()
 6 SYSTEMPATH\CodeIgniter.php(509): CodeIgniter\CodeIgniter->runController(Object(App\Controllers\Laporan))
 7 SYSTEMPATH\CodeIgniter.php(355): CodeIgniter\CodeIgniter->handleRequest(null, Object(Config\Cache), false)
 8 SYSTEMPATH\Boot.php(325): CodeIgniter\CodeIgniter->run()
 9 SYSTEMPATH\Boot.php(67): CodeIgniter\Boot::runCodeIgniter(Object(CodeIgniter\CodeIgniter))
10 FCPATH\index.php(56): CodeIgniter\Boot::bootWeb(Object(Config\Paths))
11 SYSTEMPATH\rewrite.php(44): require_once('E:\\xampp\\htdocs\\Skripsi\\smart-feeding\\public\\index.php')
CRITICAL - 2024-08-16 02:39:42 --> Error: Class "App\Controllers\FirestoreClient" not found
[Method: GET, Route: laporan]
in APPPATH\Controllers\Laporan.php on line 41.
 1 SYSTEMPATH\CodeIgniter.php(933): App\Controllers\Laporan->index()
 2 SYSTEMPATH\CodeIgniter.php(509): CodeIgniter\CodeIgniter->runController(Object(App\Controllers\Laporan))
 3 SYSTEMPATH\CodeIgniter.php(355): CodeIgniter\CodeIgniter->handleRequest(null, Object(Config\Cache), false)
 4 SYSTEMPATH\Boot.php(325): CodeIgniter\CodeIgniter->run()
 5 SYSTEMPATH\Boot.php(67): CodeIgniter\Boot::runCodeIgniter(Object(CodeIgniter\CodeIgniter))
 6 FCPATH\index.php(56): CodeIgniter\Boot::bootWeb(Object(Config\Paths))
 7 SYSTEMPATH\rewrite.php(44): require_once('E:\\xampp\\htdocs\\Skripsi\\smart-feeding\\public\\index.php')
CRITICAL - 2024-08-16 02:55:41 --> CodeIgniter\HTTP\Exceptions\BadRequestException: The URI you submitted has disallowed characters: "@firebase"
[Method: GET, Route: node_modules/@firebase/app]
in SYSTEMPATH\Router\Router.php on line 737.
 1 SYSTEMPATH\Router\Router.php(204): CodeIgniter\Router\Router->checkDisallowedChars('node_modules/@firebase/app')
 2 SYSTEMPATH\CodeIgniter.php(834): CodeIgniter\Router\Router->handle('node_modules/@firebase/app')
 3 SYSTEMPATH\CodeIgniter.php(457): CodeIgniter\CodeIgniter->tryToRouteIt(Object(CodeIgniter\Router\RouteCollection))
 4 SYSTEMPATH\CodeIgniter.php(355): CodeIgniter\CodeIgniter->handleRequest(null, Object(Config\Cache), false)
 5 SYSTEMPATH\Boot.php(325): CodeIgniter\CodeIgniter->run()
 6 SYSTEMPATH\Boot.php(67): CodeIgniter\Boot::runCodeIgniter(Object(CodeIgniter\CodeIgniter))
 7 FCPATH\index.php(56): CodeIgniter\Boot::bootWeb(Object(Config\Paths))
 8 SYSTEMPATH\rewrite.php(44): require_once('E:\\xampp\\htdocs\\Skripsi\\smart-feeding\\public\\index.php')
CRITICAL - 2024-08-16 02:55:41 --> CodeIgniter\HTTP\Exceptions\BadRequestException: The URI you submitted has disallowed characters: "@firebase"
[Method: GET, Route: node_modules/@firebase/firestore]
in SYSTEMPATH\Router\Router.php on line 737.
 1 SYSTEMPATH\Router\Router.php(204): CodeIgniter\Router\Router->checkDisallowedChars('node_modules/@firebase/firestore')
 2 SYSTEMPATH\CodeIgniter.php(834): CodeIgniter\Router\Router->handle('node_modules/@firebase/firestore')
 3 SYSTEMPATH\CodeIgniter.php(457): CodeIgniter\CodeIgniter->tryToRouteIt(Object(CodeIgniter\Router\RouteCollection))
 4 SYSTEMPATH\CodeIgniter.php(355): CodeIgniter\CodeIgniter->handleRequest(null, Object(Config\Cache), false)
 5 SYSTEMPATH\Boot.php(325): CodeIgniter\CodeIgniter->run()
 6 SYSTEMPATH\Boot.php(67): CodeIgniter\Boot::runCodeIgniter(Object(CodeIgniter\CodeIgniter))
 7 FCPATH\index.php(56): CodeIgniter\Boot::bootWeb(Object(Config\Paths))
 8 SYSTEMPATH\rewrite.php(44): require_once('E:\\xampp\\htdocs\\Skripsi\\smart-feeding\\public\\index.php')
CRITICAL - 2024-08-16 02:55:52 --> CodeIgniter\HTTP\Exceptions\BadRequestException: The URI you submitted has disallowed characters: "@firebase"
[Method: GET, Route: node_modules/@firebase/app]
in SYSTEMPATH\Router\Router.php on line 737.
 1 SYSTEMPATH\Router\Router.php(204): CodeIgniter\Router\Router->checkDisallowedChars('node_modules/@firebase/app')
 2 SYSTEMPATH\CodeIgniter.php(834): CodeIgniter\Router\Router->handle('node_modules/@firebase/app')
 3 SYSTEMPATH\CodeIgniter.php(457): CodeIgniter\CodeIgniter->tryToRouteIt(Object(CodeIgniter\Router\RouteCollection))
 4 SYSTEMPATH\CodeIgniter.php(355): CodeIgniter\CodeIgniter->handleRequest(null, Object(Config\Cache), false)
 5 SYSTEMPATH\Boot.php(325): CodeIgniter\CodeIgniter->run()
 6 SYSTEMPATH\Boot.php(67): CodeIgniter\Boot::runCodeIgniter(Object(CodeIgniter\CodeIgniter))
 7 FCPATH\index.php(56): CodeIgniter\Boot::bootWeb(Object(Config\Paths))
 8 SYSTEMPATH\rewrite.php(44): require_once('E:\\xampp\\htdocs\\Skripsi\\smart-feeding\\public\\index.php')
CRITICAL - 2024-08-16 02:55:52 --> CodeIgniter\HTTP\Exceptions\BadRequestException: The URI you submitted has disallowed characters: "@firebase"
[Method: GET, Route: node_modules/@firebase/firestore]
in SYSTEMPATH\Router\Router.php on line 737.
 1 SYSTEMPATH\Router\Router.php(204): CodeIgniter\Router\Router->checkDisallowedChars('node_modules/@firebase/firestore')
 2 SYSTEMPATH\CodeIgniter.php(834): CodeIgniter\Router\Router->handle('node_modules/@firebase/firestore')
 3 SYSTEMPATH\CodeIgniter.php(457): CodeIgniter\CodeIgniter->tryToRouteIt(Object(CodeIgniter\Router\RouteCollection))
 4 SYSTEMPATH\CodeIgniter.php(355): CodeIgniter\CodeIgniter->handleRequest(null, Object(Config\Cache), false)
 5 SYSTEMPATH\Boot.php(325): CodeIgniter\CodeIgniter->run()
 6 SYSTEMPATH\Boot.php(67): CodeIgniter\Boot::runCodeIgniter(Object(CodeIgniter\CodeIgniter))
 7 FCPATH\index.php(56): CodeIgniter\Boot::bootWeb(Object(Config\Paths))
 8 SYSTEMPATH\rewrite.php(44): require_once('E:\\xampp\\htdocs\\Skripsi\\smart-feeding\\public\\index.php')
