CRITICAL - 2024-08-30 06:01:23 --> ErrorException: Array to string conversion
[Method: GET, Route: api]
in APPPATH\Views\api.php on line 14.
 1 APPPATH\Views\api.php(14): CodeIgniter\Debug\Exceptions->errorHandler(2, 'Array to string conversion', 'E:\\xampp\\htdocs\\Skripsi\\smart-feeding\\app\\Views\\api.php', 14)
 2 SYSTEMPATH\View\View.php(234): include('E:\\xampp\\htdocs\\Skripsi\\smart-feeding\\app\\Views\\api.php')
 3 SYSTEMPATH\View\View.php(237): CodeIgniter\View\View->CodeIgniter\View\{closure}()
 4 SYSTEMPATH\Common.php(1169): CodeIgniter\View\View->render('api', [], true)
 5 APPPATH\Controllers\Home.php(57): view('api', [...])
 6 SYSTEMPATH\CodeIgniter.php(933): App\Controllers\Home->api()
 7 SYSTEMPATH\CodeIgniter.php(509): CodeIgniter\CodeIgniter->runController(Object(App\Controllers\Home))
 8 SYSTEMPATH\CodeIgniter.php(355): CodeIgniter\CodeIgniter->handleRequest(null, Object(Config\Cache), false)
 9 SYSTEMPATH\Boot.php(325): CodeIgniter\CodeIgniter->run()
10 SYSTEMPATH\Boot.php(67): CodeIgniter\Boot::runCodeIgniter(Object(CodeIgniter\CodeIgniter))
11 FCPATH\index.php(56): CodeIgniter\Boot::bootWeb(Object(Config\Paths))
12 SYSTEMPATH\rewrite.php(44): require_once('E:\\xampp\\htdocs\\Skripsi\\smart-feeding\\public\\index.php')
CRITICAL - 2024-08-30 06:02:23 --> ErrorException: Array to string conversion
[Method: GET, Route: api]
in APPPATH\Views\api.php on line 14.
 1 APPPATH\Views\api.php(14): CodeIgniter\Debug\Exceptions->errorHandler(2, 'Array to string conversion', 'E:\\xampp\\htdocs\\Skripsi\\smart-feeding\\app\\Views\\api.php', 14)
 2 SYSTEMPATH\View\View.php(234): include('E:\\xampp\\htdocs\\Skripsi\\smart-feeding\\app\\Views\\api.php')
 3 SYSTEMPATH\View\View.php(237): CodeIgniter\View\View->CodeIgniter\View\{closure}()
 4 SYSTEMPATH\Common.php(1169): CodeIgniter\View\View->render('api', [], true)
 5 APPPATH\Controllers\Home.php(57): view('api', [...])
 6 SYSTEMPATH\CodeIgniter.php(933): App\Controllers\Home->api()
 7 SYSTEMPATH\CodeIgniter.php(509): CodeIgniter\CodeIgniter->runController(Object(App\Controllers\Home))
 8 SYSTEMPATH\CodeIgniter.php(355): CodeIgniter\CodeIgniter->handleRequest(null, Object(Config\Cache), false)
 9 SYSTEMPATH\Boot.php(325): CodeIgniter\CodeIgniter->run()
10 SYSTEMPATH\Boot.php(67): CodeIgniter\Boot::runCodeIgniter(Object(CodeIgniter\CodeIgniter))
11 FCPATH\index.php(56): CodeIgniter\Boot::bootWeb(Object(Config\Paths))
12 SYSTEMPATH\rewrite.php(44): require_once('E:\\xampp\\htdocs\\Skripsi\\smart-feeding\\public\\index.php')
CRITICAL - 2024-08-30 06:03:24 --> ErrorException: Array to string conversion
[Method: GET, Route: api]
in APPPATH\Views\api.php on line 18.
 1 APPPATH\Views\api.php(18): CodeIgniter\Debug\Exceptions->errorHandler(2, 'Array to string conversion', 'E:\\xampp\\htdocs\\Skripsi\\smart-feeding\\app\\Views\\api.php', 18)
 2 SYSTEMPATH\View\View.php(234): include('E:\\xampp\\htdocs\\Skripsi\\smart-feeding\\app\\Views\\api.php')
 3 SYSTEMPATH\View\View.php(237): CodeIgniter\View\View->CodeIgniter\View\{closure}()
 4 SYSTEMPATH\Common.php(1169): CodeIgniter\View\View->render('api', [], true)
 5 APPPATH\Controllers\Home.php(57): view('api', [...])
 6 SYSTEMPATH\CodeIgniter.php(933): App\Controllers\Home->api()
 7 SYSTEMPATH\CodeIgniter.php(509): CodeIgniter\CodeIgniter->runController(Object(App\Controllers\Home))
 8 SYSTEMPATH\CodeIgniter.php(355): CodeIgniter\CodeIgniter->handleRequest(null, Object(Config\Cache), false)
 9 SYSTEMPATH\Boot.php(325): CodeIgniter\CodeIgniter->run()
10 SYSTEMPATH\Boot.php(67): CodeIgniter\Boot::runCodeIgniter(Object(CodeIgniter\CodeIgniter))
11 FCPATH\index.php(56): CodeIgniter\Boot::bootWeb(Object(Config\Paths))
12 SYSTEMPATH\rewrite.php(44): require_once('E:\\xampp\\htdocs\\Skripsi\\smart-feeding\\public\\index.php')
CRITICAL - 2024-08-30 06:04:21 --> TypeError: Cannot access offset of type string on string
[Method: GET, Route: api]
in APPPATH\Views\api.php on line 19.
 1 SYSTEMPATH\View\View.php(234): include()
 2 SYSTEMPATH\View\View.php(237): CodeIgniter\View\View->CodeIgniter\View\{closure}()
 3 SYSTEMPATH\Common.php(1169): CodeIgniter\View\View->render('api', [], true)
 4 APPPATH\Controllers\Home.php(57): view('api', [...])
 5 SYSTEMPATH\CodeIgniter.php(933): App\Controllers\Home->api()
 6 SYSTEMPATH\CodeIgniter.php(509): CodeIgniter\CodeIgniter->runController(Object(App\Controllers\Home))
 7 SYSTEMPATH\CodeIgniter.php(355): CodeIgniter\CodeIgniter->handleRequest(null, Object(Config\Cache), false)
 8 SYSTEMPATH\Boot.php(325): CodeIgniter\CodeIgniter->run()
 9 SYSTEMPATH\Boot.php(67): CodeIgniter\Boot::runCodeIgniter(Object(CodeIgniter\CodeIgniter))
10 FCPATH\index.php(56): CodeIgniter\Boot::bootWeb(Object(Config\Paths))
11 SYSTEMPATH\rewrite.php(44): require_once('E:\\xampp\\htdocs\\Skripsi\\smart-feeding\\public\\index.php')
CRITICAL - 2024-08-30 06:04:28 --> TypeError: Cannot access offset of type string on string
[Method: GET, Route: api]
in APPPATH\Views\api.php on line 19.
 1 SYSTEMPATH\View\View.php(234): include()
 2 SYSTEMPATH\View\View.php(237): CodeIgniter\View\View->CodeIgniter\View\{closure}()
 3 SYSTEMPATH\Common.php(1169): CodeIgniter\View\View->render('api', [], true)
 4 APPPATH\Controllers\Home.php(57): view('api', [...])
 5 SYSTEMPATH\CodeIgniter.php(933): App\Controllers\Home->api()
 6 SYSTEMPATH\CodeIgniter.php(509): CodeIgniter\CodeIgniter->runController(Object(App\Controllers\Home))
 7 SYSTEMPATH\CodeIgniter.php(355): CodeIgniter\CodeIgniter->handleRequest(null, Object(Config\Cache), false)
 8 SYSTEMPATH\Boot.php(325): CodeIgniter\CodeIgniter->run()
 9 SYSTEMPATH\Boot.php(67): CodeIgniter\Boot::runCodeIgniter(Object(CodeIgniter\CodeIgniter))
10 FCPATH\index.php(56): CodeIgniter\Boot::bootWeb(Object(Config\Paths))
11 SYSTEMPATH\rewrite.php(44): require_once('E:\\xampp\\htdocs\\Skripsi\\smart-feeding\\public\\index.php')
CRITICAL - 2024-08-30 06:04:38 --> ErrorException: Undefined array key 0
[Method: GET, Route: api]
in APPPATH\Views\api.php on line 19.
 1 APPPATH\Views\api.php(19): CodeIgniter\Debug\Exceptions->errorHandler(2, 'Undefined array key 0', 'E:\\xampp\\htdocs\\Skripsi\\smart-feeding\\app\\Views\\api.php', 19)
 2 SYSTEMPATH\View\View.php(234): include('E:\\xampp\\htdocs\\Skripsi\\smart-feeding\\app\\Views\\api.php')
 3 SYSTEMPATH\View\View.php(237): CodeIgniter\View\View->CodeIgniter\View\{closure}()
 4 SYSTEMPATH\Common.php(1169): CodeIgniter\View\View->render('api', [], true)
 5 APPPATH\Controllers\Home.php(57): view('api', [...])
 6 SYSTEMPATH\CodeIgniter.php(933): App\Controllers\Home->api()
 7 SYSTEMPATH\CodeIgniter.php(509): CodeIgniter\CodeIgniter->runController(Object(App\Controllers\Home))
 8 SYSTEMPATH\CodeIgniter.php(355): CodeIgniter\CodeIgniter->handleRequest(null, Object(Config\Cache), false)
 9 SYSTEMPATH\Boot.php(325): CodeIgniter\CodeIgniter->run()
10 SYSTEMPATH\Boot.php(67): CodeIgniter\Boot::runCodeIgniter(Object(CodeIgniter\CodeIgniter))
11 FCPATH\index.php(56): CodeIgniter\Boot::bootWeb(Object(Config\Paths))
12 SYSTEMPATH\rewrite.php(44): require_once('E:\\xampp\\htdocs\\Skripsi\\smart-feeding\\public\\index.php')
CRITICAL - 2024-08-30 06:04:47 --> TypeError: Cannot access offset of type string on string
[Method: GET, Route: api]
in APPPATH\Views\api.php on line 19.
 1 SYSTEMPATH\View\View.php(234): include()
 2 SYSTEMPATH\View\View.php(237): CodeIgniter\View\View->CodeIgniter\View\{closure}()
 3 SYSTEMPATH\Common.php(1169): CodeIgniter\View\View->render('api', [], true)
 4 APPPATH\Controllers\Home.php(57): view('api', [...])
 5 SYSTEMPATH\CodeIgniter.php(933): App\Controllers\Home->api()
 6 SYSTEMPATH\CodeIgniter.php(509): CodeIgniter\CodeIgniter->runController(Object(App\Controllers\Home))
 7 SYSTEMPATH\CodeIgniter.php(355): CodeIgniter\CodeIgniter->handleRequest(null, Object(Config\Cache), false)
 8 SYSTEMPATH\Boot.php(325): CodeIgniter\CodeIgniter->run()
 9 SYSTEMPATH\Boot.php(67): CodeIgniter\Boot::runCodeIgniter(Object(CodeIgniter\CodeIgniter))
10 FCPATH\index.php(56): CodeIgniter\Boot::bootWeb(Object(Config\Paths))
11 SYSTEMPATH\rewrite.php(44): require_once('E:\\xampp\\htdocs\\Skripsi\\smart-feeding\\public\\index.php')
CRITICAL - 2024-08-30 06:05:26 --> TypeError: Cannot access offset of type string on string
[Method: GET, Route: api]
in APPPATH\Views\api.php on line 19.
 1 SYSTEMPATH\View\View.php(234): include()
 2 SYSTEMPATH\View\View.php(237): CodeIgniter\View\View->CodeIgniter\View\{closure}()
 3 SYSTEMPATH\Common.php(1169): CodeIgniter\View\View->render('api', [], true)
 4 APPPATH\Controllers\Home.php(57): view('api', [...])
 5 SYSTEMPATH\CodeIgniter.php(933): App\Controllers\Home->api()
 6 SYSTEMPATH\CodeIgniter.php(509): CodeIgniter\CodeIgniter->runController(Object(App\Controllers\Home))
 7 SYSTEMPATH\CodeIgniter.php(355): CodeIgniter\CodeIgniter->handleRequest(null, Object(Config\Cache), false)
 8 SYSTEMPATH\Boot.php(325): CodeIgniter\CodeIgniter->run()
 9 SYSTEMPATH\Boot.php(67): CodeIgniter\Boot::runCodeIgniter(Object(CodeIgniter\CodeIgniter))
10 FCPATH\index.php(56): CodeIgniter\Boot::bootWeb(Object(Config\Paths))
11 SYSTEMPATH\rewrite.php(44): require_once('E:\\xampp\\htdocs\\Skripsi\\smart-feeding\\public\\index.php')
CRITICAL - 2024-08-30 06:05:28 --> TypeError: Cannot access offset of type string on string
[Method: GET, Route: api]
in APPPATH\Views\api.php on line 19.
 1 SYSTEMPATH\View\View.php(234): include()
 2 SYSTEMPATH\View\View.php(237): CodeIgniter\View\View->CodeIgniter\View\{closure}()
 3 SYSTEMPATH\Common.php(1169): CodeIgniter\View\View->render('api', [], true)
 4 APPPATH\Controllers\Home.php(57): view('api', [...])
 5 SYSTEMPATH\CodeIgniter.php(933): App\Controllers\Home->api()
 6 SYSTEMPATH\CodeIgniter.php(509): CodeIgniter\CodeIgniter->runController(Object(App\Controllers\Home))
 7 SYSTEMPATH\CodeIgniter.php(355): CodeIgniter\CodeIgniter->handleRequest(null, Object(Config\Cache), false)
 8 SYSTEMPATH\Boot.php(325): CodeIgniter\CodeIgniter->run()
 9 SYSTEMPATH\Boot.php(67): CodeIgniter\Boot::runCodeIgniter(Object(CodeIgniter\CodeIgniter))
10 FCPATH\index.php(56): CodeIgniter\Boot::bootWeb(Object(Config\Paths))
11 SYSTEMPATH\rewrite.php(44): require_once('E:\\xampp\\htdocs\\Skripsi\\smart-feeding\\public\\index.php')
CRITICAL - 2024-08-30 06:06:17 --> TypeError: Cannot access offset of type string on string
[Method: GET, Route: api]
in APPPATH\Views\api.php on line 18.
 1 SYSTEMPATH\View\View.php(234): include()
 2 SYSTEMPATH\View\View.php(237): CodeIgniter\View\View->CodeIgniter\View\{closure}()
 3 SYSTEMPATH\Common.php(1169): CodeIgniter\View\View->render('api', [], true)
 4 APPPATH\Controllers\Home.php(57): view('api', [...])
 5 SYSTEMPATH\CodeIgniter.php(933): App\Controllers\Home->api()
 6 SYSTEMPATH\CodeIgniter.php(509): CodeIgniter\CodeIgniter->runController(Object(App\Controllers\Home))
 7 SYSTEMPATH\CodeIgniter.php(355): CodeIgniter\CodeIgniter->handleRequest(null, Object(Config\Cache), false)
 8 SYSTEMPATH\Boot.php(325): CodeIgniter\CodeIgniter->run()
 9 SYSTEMPATH\Boot.php(67): CodeIgniter\Boot::runCodeIgniter(Object(CodeIgniter\CodeIgniter))
10 FCPATH\index.php(56): CodeIgniter\Boot::bootWeb(Object(Config\Paths))
11 SYSTEMPATH\rewrite.php(44): require_once('E:\\xampp\\htdocs\\Skripsi\\smart-feeding\\public\\index.php')
CRITICAL - 2024-08-30 06:06:27 --> Error: Call to undefined function get()
[Method: GET, Route: api]
in APPPATH\Views\api.php on line 18.
 1 SYSTEMPATH\View\View.php(234): include()
 2 SYSTEMPATH\View\View.php(237): CodeIgniter\View\View->CodeIgniter\View\{closure}()
 3 SYSTEMPATH\Common.php(1169): CodeIgniter\View\View->render('api', [], true)
 4 APPPATH\Controllers\Home.php(57): view('api', [...])
 5 SYSTEMPATH\CodeIgniter.php(933): App\Controllers\Home->api()
 6 SYSTEMPATH\CodeIgniter.php(509): CodeIgniter\CodeIgniter->runController(Object(App\Controllers\Home))
 7 SYSTEMPATH\CodeIgniter.php(355): CodeIgniter\CodeIgniter->handleRequest(null, Object(Config\Cache), false)
 8 SYSTEMPATH\Boot.php(325): CodeIgniter\CodeIgniter->run()
 9 SYSTEMPATH\Boot.php(67): CodeIgniter\Boot::runCodeIgniter(Object(CodeIgniter\CodeIgniter))
10 FCPATH\index.php(56): CodeIgniter\Boot::bootWeb(Object(Config\Paths))
11 SYSTEMPATH\rewrite.php(44): require_once('E:\\xampp\\htdocs\\Skripsi\\smart-feeding\\public\\index.php')
CRITICAL - 2024-08-30 06:06:29 --> Error: Call to undefined function get()
[Method: GET, Route: api]
in APPPATH\Views\api.php on line 18.
 1 SYSTEMPATH\View\View.php(234): include()
 2 SYSTEMPATH\View\View.php(237): CodeIgniter\View\View->CodeIgniter\View\{closure}()
 3 SYSTEMPATH\Common.php(1169): CodeIgniter\View\View->render('api', [], true)
 4 APPPATH\Controllers\Home.php(57): view('api', [...])
 5 SYSTEMPATH\CodeIgniter.php(933): App\Controllers\Home->api()
 6 SYSTEMPATH\CodeIgniter.php(509): CodeIgniter\CodeIgniter->runController(Object(App\Controllers\Home))
 7 SYSTEMPATH\CodeIgniter.php(355): CodeIgniter\CodeIgniter->handleRequest(null, Object(Config\Cache), false)
 8 SYSTEMPATH\Boot.php(325): CodeIgniter\CodeIgniter->run()
 9 SYSTEMPATH\Boot.php(67): CodeIgniter\Boot::runCodeIgniter(Object(CodeIgniter\CodeIgniter))
10 FCPATH\index.php(56): CodeIgniter\Boot::bootWeb(Object(Config\Paths))
11 SYSTEMPATH\rewrite.php(44): require_once('E:\\xampp\\htdocs\\Skripsi\\smart-feeding\\public\\index.php')
CRITICAL - 2024-08-30 06:08:26 --> ErrorException: Undefined array key "reports"
[Method: GET, Route: api]
in APPPATH\Views\api.php on line 17.
 1 APPPATH\Views\api.php(17): CodeIgniter\Debug\Exceptions->errorHandler(2, 'Undefined array key "reports"', 'E:\\xampp\\htdocs\\Skripsi\\smart-feeding\\app\\Views\\api.php', 17)
 2 SYSTEMPATH\View\View.php(234): include('E:\\xampp\\htdocs\\Skripsi\\smart-feeding\\app\\Views\\api.php')
 3 SYSTEMPATH\View\View.php(237): CodeIgniter\View\View->CodeIgniter\View\{closure}()
 4 SYSTEMPATH\Common.php(1169): CodeIgniter\View\View->render('api', [], true)
 5 APPPATH\Controllers\Home.php(57): view('api', [...])
 6 SYSTEMPATH\CodeIgniter.php(933): App\Controllers\Home->api()
 7 SYSTEMPATH\CodeIgniter.php(509): CodeIgniter\CodeIgniter->runController(Object(App\Controllers\Home))
 8 SYSTEMPATH\CodeIgniter.php(355): CodeIgniter\CodeIgniter->handleRequest(null, Object(Config\Cache), false)
 9 SYSTEMPATH\Boot.php(325): CodeIgniter\CodeIgniter->run()
10 SYSTEMPATH\Boot.php(67): CodeIgniter\Boot::runCodeIgniter(Object(CodeIgniter\CodeIgniter))
11 FCPATH\index.php(56): CodeIgniter\Boot::bootWeb(Object(Config\Paths))
12 SYSTEMPATH\rewrite.php(44): require_once('E:\\xampp\\htdocs\\Skripsi\\smart-feeding\\public\\index.php')
CRITICAL - 2024-08-30 06:08:59 --> ErrorException: Undefined array key "tanggal"
[Method: GET, Route: api]
in APPPATH\Views\api.php on line 19.
 1 APPPATH\Views\api.php(19): CodeIgniter\Debug\Exceptions->errorHandler(2, 'Undefined array key "tanggal"', 'E:\\xampp\\htdocs\\Skripsi\\smart-feeding\\app\\Views\\api.php', 19)
 2 SYSTEMPATH\View\View.php(234): include('E:\\xampp\\htdocs\\Skripsi\\smart-feeding\\app\\Views\\api.php')
 3 SYSTEMPATH\View\View.php(237): CodeIgniter\View\View->CodeIgniter\View\{closure}()
 4 SYSTEMPATH\Common.php(1169): CodeIgniter\View\View->render('api', [], true)
 5 APPPATH\Controllers\Home.php(57): view('api', [...])
 6 SYSTEMPATH\CodeIgniter.php(933): App\Controllers\Home->api()
 7 SYSTEMPATH\CodeIgniter.php(509): CodeIgniter\CodeIgniter->runController(Object(App\Controllers\Home))
 8 SYSTEMPATH\CodeIgniter.php(355): CodeIgniter\CodeIgniter->handleRequest(null, Object(Config\Cache), false)
 9 SYSTEMPATH\Boot.php(325): CodeIgniter\CodeIgniter->run()
10 SYSTEMPATH\Boot.php(67): CodeIgniter\Boot::runCodeIgniter(Object(CodeIgniter\CodeIgniter))
11 FCPATH\index.php(56): CodeIgniter\Boot::bootWeb(Object(Config\Paths))
12 SYSTEMPATH\rewrite.php(44): require_once('E:\\xampp\\htdocs\\Skripsi\\smart-feeding\\public\\index.php')
CRITICAL - 2024-08-30 06:10:34 --> ErrorException: Undefined array key "tanggal"
[Method: GET, Route: api]
in APPPATH\Views\api.php on line 18.
 1 APPPATH\Views\api.php(18): CodeIgniter\Debug\Exceptions->errorHandler(2, 'Undefined array key "tanggal"', 'E:\\xampp\\htdocs\\Skripsi\\smart-feeding\\app\\Views\\api.php', 18)
 2 SYSTEMPATH\View\View.php(234): include('E:\\xampp\\htdocs\\Skripsi\\smart-feeding\\app\\Views\\api.php')
 3 SYSTEMPATH\View\View.php(237): CodeIgniter\View\View->CodeIgniter\View\{closure}()
 4 SYSTEMPATH\Common.php(1169): CodeIgniter\View\View->render('api', [], true)
 5 APPPATH\Controllers\Home.php(57): view('api', [...])
 6 SYSTEMPATH\CodeIgniter.php(933): App\Controllers\Home->api()
 7 SYSTEMPATH\CodeIgniter.php(509): CodeIgniter\CodeIgniter->runController(Object(App\Controllers\Home))
 8 SYSTEMPATH\CodeIgniter.php(355): CodeIgniter\CodeIgniter->handleRequest(null, Object(Config\Cache), false)
 9 SYSTEMPATH\Boot.php(325): CodeIgniter\CodeIgniter->run()
10 SYSTEMPATH\Boot.php(67): CodeIgniter\Boot::runCodeIgniter(Object(CodeIgniter\CodeIgniter))
11 FCPATH\index.php(56): CodeIgniter\Boot::bootWeb(Object(Config\Paths))
12 SYSTEMPATH\rewrite.php(44): require_once('E:\\xampp\\htdocs\\Skripsi\\smart-feeding\\public\\index.php')
CRITICAL - 2024-08-30 06:10:56 --> ErrorException: Array to string conversion
[Method: GET, Route: api]
in APPPATH\Views\api.php on line 19.
 1 APPPATH\Views\api.php(19): CodeIgniter\Debug\Exceptions->errorHandler(2, 'Array to string conversion', 'E:\\xampp\\htdocs\\Skripsi\\smart-feeding\\app\\Views\\api.php', 19)
 2 SYSTEMPATH\View\View.php(234): include('E:\\xampp\\htdocs\\Skripsi\\smart-feeding\\app\\Views\\api.php')
 3 SYSTEMPATH\View\View.php(237): CodeIgniter\View\View->CodeIgniter\View\{closure}()
 4 SYSTEMPATH\Common.php(1169): CodeIgniter\View\View->render('api', [], true)
 5 APPPATH\Controllers\Home.php(57): view('api', [...])
 6 SYSTEMPATH\CodeIgniter.php(933): App\Controllers\Home->api()
 7 SYSTEMPATH\CodeIgniter.php(509): CodeIgniter\CodeIgniter->runController(Object(App\Controllers\Home))
 8 SYSTEMPATH\CodeIgniter.php(355): CodeIgniter\CodeIgniter->handleRequest(null, Object(Config\Cache), false)
 9 SYSTEMPATH\Boot.php(325): CodeIgniter\CodeIgniter->run()
10 SYSTEMPATH\Boot.php(67): CodeIgniter\Boot::runCodeIgniter(Object(CodeIgniter\CodeIgniter))
11 FCPATH\index.php(56): CodeIgniter\Boot::bootWeb(Object(Config\Paths))
12 SYSTEMPATH\rewrite.php(44): require_once('E:\\xampp\\htdocs\\Skripsi\\smart-feeding\\public\\index.php')
CRITICAL - 2024-08-30 06:53:31 --> ErrorException: Array to string conversion
[Method: GET, Route: api]
in APPPATH\Views\api.php on line 20.
 1 APPPATH\Views\api.php(20): CodeIgniter\Debug\Exceptions->errorHandler(2, 'Array to string conversion', 'E:\\xampp\\htdocs\\Skripsi\\smart-feeding\\app\\Views\\api.php', 20)
 2 SYSTEMPATH\View\View.php(234): include('E:\\xampp\\htdocs\\Skripsi\\smart-feeding\\app\\Views\\api.php')
 3 SYSTEMPATH\View\View.php(237): CodeIgniter\View\View->CodeIgniter\View\{closure}()
 4 SYSTEMPATH\Common.php(1169): CodeIgniter\View\View->render('api', [], true)
 5 APPPATH\Controllers\Home.php(60): view('api', [...])
 6 SYSTEMPATH\CodeIgniter.php(933): App\Controllers\Home->api()
 7 SYSTEMPATH\CodeIgniter.php(509): CodeIgniter\CodeIgniter->runController(Object(App\Controllers\Home))
 8 SYSTEMPATH\CodeIgniter.php(355): CodeIgniter\CodeIgniter->handleRequest(null, Object(Config\Cache), false)
 9 SYSTEMPATH\Boot.php(325): CodeIgniter\CodeIgniter->run()
10 SYSTEMPATH\Boot.php(67): CodeIgniter\Boot::runCodeIgniter(Object(CodeIgniter\CodeIgniter))
11 FCPATH\index.php(56): CodeIgniter\Boot::bootWeb(Object(Config\Paths))
12 SYSTEMPATH\rewrite.php(44): require_once('E:\\xampp\\htdocs\\Skripsi\\smart-feeding\\public\\index.php')
CRITICAL - 2024-08-30 06:53:49 --> TypeError: Cannot access offset of type string on string
[Method: GET, Route: api]
in APPPATH\Views\api.php on line 19.
 1 SYSTEMPATH\View\View.php(234): include()
 2 SYSTEMPATH\View\View.php(237): CodeIgniter\View\View->CodeIgniter\View\{closure}()
 3 SYSTEMPATH\Common.php(1169): CodeIgniter\View\View->render('api', [], true)
 4 APPPATH\Controllers\Home.php(60): view('api', [...])
 5 SYSTEMPATH\CodeIgniter.php(933): App\Controllers\Home->api()
 6 SYSTEMPATH\CodeIgniter.php(509): CodeIgniter\CodeIgniter->runController(Object(App\Controllers\Home))
 7 SYSTEMPATH\CodeIgniter.php(355): CodeIgniter\CodeIgniter->handleRequest(null, Object(Config\Cache), false)
 8 SYSTEMPATH\Boot.php(325): CodeIgniter\CodeIgniter->run()
 9 SYSTEMPATH\Boot.php(67): CodeIgniter\Boot::runCodeIgniter(Object(CodeIgniter\CodeIgniter))
10 FCPATH\index.php(56): CodeIgniter\Boot::bootWeb(Object(Config\Paths))
11 SYSTEMPATH\rewrite.php(44): require_once('E:\\xampp\\htdocs\\Skripsi\\smart-feeding\\public\\index.php')
CRITICAL - 2024-08-30 06:54:02 --> ErrorException: Undefined variable $keu
[Method: GET, Route: api]
in APPPATH\Views\api.php on line 18.
 1 APPPATH\Views\api.php(18): CodeIgniter\Debug\Exceptions->errorHandler(2, 'Undefined variable $keu', 'E:\\xampp\\htdocs\\Skripsi\\smart-feeding\\app\\Views\\api.php', 18)
 2 SYSTEMPATH\View\View.php(234): include('E:\\xampp\\htdocs\\Skripsi\\smart-feeding\\app\\Views\\api.php')
 3 SYSTEMPATH\View\View.php(237): CodeIgniter\View\View->CodeIgniter\View\{closure}()
 4 SYSTEMPATH\Common.php(1169): CodeIgniter\View\View->render('api', [], true)
 5 APPPATH\Controllers\Home.php(60): view('api', [...])
 6 SYSTEMPATH\CodeIgniter.php(933): App\Controllers\Home->api()
 7 SYSTEMPATH\CodeIgniter.php(509): CodeIgniter\CodeIgniter->runController(Object(App\Controllers\Home))
 8 SYSTEMPATH\CodeIgniter.php(355): CodeIgniter\CodeIgniter->handleRequest(null, Object(Config\Cache), false)
 9 SYSTEMPATH\Boot.php(325): CodeIgniter\CodeIgniter->run()
10 SYSTEMPATH\Boot.php(67): CodeIgniter\Boot::runCodeIgniter(Object(CodeIgniter\CodeIgniter))
11 FCPATH\index.php(56): CodeIgniter\Boot::bootWeb(Object(Config\Paths))
12 SYSTEMPATH\rewrite.php(44): require_once('E:\\xampp\\htdocs\\Skripsi\\smart-feeding\\public\\index.php')
CRITICAL - 2024-08-30 06:55:20 --> ErrorException: Array to string conversion
[Method: GET, Route: api]
in APPPATH\Views\api.php on line 20.
 1 APPPATH\Views\api.php(20): CodeIgniter\Debug\Exceptions->errorHandler(2, 'Array to string conversion', 'E:\\xampp\\htdocs\\Skripsi\\smart-feeding\\app\\Views\\api.php', 20)
 2 SYSTEMPATH\View\View.php(234): include('E:\\xampp\\htdocs\\Skripsi\\smart-feeding\\app\\Views\\api.php')
 3 SYSTEMPATH\View\View.php(237): CodeIgniter\View\View->CodeIgniter\View\{closure}()
 4 SYSTEMPATH\Common.php(1169): CodeIgniter\View\View->render('api', [], true)
 5 APPPATH\Controllers\Home.php(60): view('api', [...])
 6 SYSTEMPATH\CodeIgniter.php(933): App\Controllers\Home->api()
 7 SYSTEMPATH\CodeIgniter.php(509): CodeIgniter\CodeIgniter->runController(Object(App\Controllers\Home))
 8 SYSTEMPATH\CodeIgniter.php(355): CodeIgniter\CodeIgniter->handleRequest(null, Object(Config\Cache), false)
 9 SYSTEMPATH\Boot.php(325): CodeIgniter\CodeIgniter->run()
10 SYSTEMPATH\Boot.php(67): CodeIgniter\Boot::runCodeIgniter(Object(CodeIgniter\CodeIgniter))
11 FCPATH\index.php(56): CodeIgniter\Boot::bootWeb(Object(Config\Paths))
12 SYSTEMPATH\rewrite.php(44): require_once('E:\\xampp\\htdocs\\Skripsi\\smart-feeding\\public\\index.php')
CRITICAL - 2024-08-30 06:57:22 --> ErrorException: Array to string conversion
[Method: GET, Route: api]
in APPPATH\Views\api.php on line 24.
 1 APPPATH\Views\api.php(24): CodeIgniter\Debug\Exceptions->errorHandler(2, 'Array to string conversion', 'E:\\xampp\\htdocs\\Skripsi\\smart-feeding\\app\\Views\\api.php', 24)
 2 SYSTEMPATH\View\View.php(234): include('E:\\xampp\\htdocs\\Skripsi\\smart-feeding\\app\\Views\\api.php')
 3 SYSTEMPATH\View\View.php(237): CodeIgniter\View\View->CodeIgniter\View\{closure}()
 4 SYSTEMPATH\Common.php(1169): CodeIgniter\View\View->render('api', [], true)
 5 APPPATH\Controllers\Home.php(60): view('api', [...])
 6 SYSTEMPATH\CodeIgniter.php(933): App\Controllers\Home->api()
 7 SYSTEMPATH\CodeIgniter.php(509): CodeIgniter\CodeIgniter->runController(Object(App\Controllers\Home))
 8 SYSTEMPATH\CodeIgniter.php(355): CodeIgniter\CodeIgniter->handleRequest(null, Object(Config\Cache), false)
 9 SYSTEMPATH\Boot.php(325): CodeIgniter\CodeIgniter->run()
10 SYSTEMPATH\Boot.php(67): CodeIgniter\Boot::runCodeIgniter(Object(CodeIgniter\CodeIgniter))
11 FCPATH\index.php(56): CodeIgniter\Boot::bootWeb(Object(Config\Paths))
12 SYSTEMPATH\rewrite.php(44): require_once('E:\\xampp\\htdocs\\Skripsi\\smart-feeding\\public\\index.php')
CRITICAL - 2024-08-30 06:57:40 --> ErrorException: Array to string conversion
[Method: GET, Route: api]
in APPPATH\Views\api.php on line 24.
 1 APPPATH\Views\api.php(24): CodeIgniter\Debug\Exceptions->errorHandler(2, 'Array to string conversion', 'E:\\xampp\\htdocs\\Skripsi\\smart-feeding\\app\\Views\\api.php', 24)
 2 SYSTEMPATH\View\View.php(234): include('E:\\xampp\\htdocs\\Skripsi\\smart-feeding\\app\\Views\\api.php')
 3 SYSTEMPATH\View\View.php(237): CodeIgniter\View\View->CodeIgniter\View\{closure}()
 4 SYSTEMPATH\Common.php(1169): CodeIgniter\View\View->render('api', [], true)
 5 APPPATH\Controllers\Home.php(60): view('api', [...])
 6 SYSTEMPATH\CodeIgniter.php(933): App\Controllers\Home->api()
 7 SYSTEMPATH\CodeIgniter.php(509): CodeIgniter\CodeIgniter->runController(Object(App\Controllers\Home))
 8 SYSTEMPATH\CodeIgniter.php(355): CodeIgniter\CodeIgniter->handleRequest(null, Object(Config\Cache), false)
 9 SYSTEMPATH\Boot.php(325): CodeIgniter\CodeIgniter->run()
10 SYSTEMPATH\Boot.php(67): CodeIgniter\Boot::runCodeIgniter(Object(CodeIgniter\CodeIgniter))
11 FCPATH\index.php(56): CodeIgniter\Boot::bootWeb(Object(Config\Paths))
12 SYSTEMPATH\rewrite.php(44): require_once('E:\\xampp\\htdocs\\Skripsi\\smart-feeding\\public\\index.php')
CRITICAL - 2024-08-30 06:57:46 --> ErrorException: Array to string conversion
[Method: GET, Route: api]
in APPPATH\Views\api.php on line 24.
 1 APPPATH\Views\api.php(24): CodeIgniter\Debug\Exceptions->errorHandler(2, 'Array to string conversion', 'E:\\xampp\\htdocs\\Skripsi\\smart-feeding\\app\\Views\\api.php', 24)
 2 SYSTEMPATH\View\View.php(234): include('E:\\xampp\\htdocs\\Skripsi\\smart-feeding\\app\\Views\\api.php')
 3 SYSTEMPATH\View\View.php(237): CodeIgniter\View\View->CodeIgniter\View\{closure}()
 4 SYSTEMPATH\Common.php(1169): CodeIgniter\View\View->render('api', [], true)
 5 APPPATH\Controllers\Home.php(60): view('api', [...])
 6 SYSTEMPATH\CodeIgniter.php(933): App\Controllers\Home->api()
 7 SYSTEMPATH\CodeIgniter.php(509): CodeIgniter\CodeIgniter->runController(Object(App\Controllers\Home))
 8 SYSTEMPATH\CodeIgniter.php(355): CodeIgniter\CodeIgniter->handleRequest(null, Object(Config\Cache), false)
 9 SYSTEMPATH\Boot.php(325): CodeIgniter\CodeIgniter->run()
10 SYSTEMPATH\Boot.php(67): CodeIgniter\Boot::runCodeIgniter(Object(CodeIgniter\CodeIgniter))
11 FCPATH\index.php(56): CodeIgniter\Boot::bootWeb(Object(Config\Paths))
12 SYSTEMPATH\rewrite.php(44): require_once('E:\\xampp\\htdocs\\Skripsi\\smart-feeding\\public\\index.php')
CRITICAL - 2024-08-30 06:57:52 --> ErrorException: Undefined array key 0
[Method: GET, Route: api]
in APPPATH\Views\api.php on line 24.
 1 APPPATH\Views\api.php(24): CodeIgniter\Debug\Exceptions->errorHandler(2, 'Undefined array key 0', 'E:\\xampp\\htdocs\\Skripsi\\smart-feeding\\app\\Views\\api.php', 24)
 2 SYSTEMPATH\View\View.php(234): include('E:\\xampp\\htdocs\\Skripsi\\smart-feeding\\app\\Views\\api.php')
 3 SYSTEMPATH\View\View.php(237): CodeIgniter\View\View->CodeIgniter\View\{closure}()
 4 SYSTEMPATH\Common.php(1169): CodeIgniter\View\View->render('api', [], true)
 5 APPPATH\Controllers\Home.php(60): view('api', [...])
 6 SYSTEMPATH\CodeIgniter.php(933): App\Controllers\Home->api()
 7 SYSTEMPATH\CodeIgniter.php(509): CodeIgniter\CodeIgniter->runController(Object(App\Controllers\Home))
 8 SYSTEMPATH\CodeIgniter.php(355): CodeIgniter\CodeIgniter->handleRequest(null, Object(Config\Cache), false)
 9 SYSTEMPATH\Boot.php(325): CodeIgniter\CodeIgniter->run()
10 SYSTEMPATH\Boot.php(67): CodeIgniter\Boot::runCodeIgniter(Object(CodeIgniter\CodeIgniter))
11 FCPATH\index.php(56): CodeIgniter\Boot::bootWeb(Object(Config\Paths))
12 SYSTEMPATH\rewrite.php(44): require_once('E:\\xampp\\htdocs\\Skripsi\\smart-feeding\\public\\index.php')
CRITICAL - 2024-08-30 07:02:07 --> CodeIgniter\HTTP\Exceptions\HTTPException: 6 : Could not resolve host: feedreport.domcloud.dev
[Method: GET, Route: api]
in SYSTEMPATH\HTTP\CURLRequest.php on line 694.
 1 SYSTEMPATH\HTTP\CURLRequest.php(694): CodeIgniter\HTTP\Exceptions\HTTPException::forCurlError('6', 'Could not resolve host: feedreport.domcloud.dev')
 2 SYSTEMPATH\HTTP\CURLRequest.php(383): CodeIgniter\HTTP\CURLRequest->sendRequest([...])
 3 SYSTEMPATH\HTTP\CURLRequest.php(152): CodeIgniter\HTTP\CURLRequest->send('GET', 'https://feedreport.domcloud.dev/reports')
 4 SYSTEMPATH\HTTP\CURLRequest.php(187): CodeIgniter\HTTP\CURLRequest->request('GET', 'https://feedreport.domcloud.dev/reports', [])
 5 APPPATH\Models\HomeModel.php(33): CodeIgniter\HTTP\CURLRequest->get('https://feedreport.domcloud.dev/reports')
 6 APPPATH\Controllers\Home.php(52): App\Models\HomeModel->getFromDom()
 7 SYSTEMPATH\CodeIgniter.php(933): App\Controllers\Home->api()
 8 SYSTEMPATH\CodeIgniter.php(509): CodeIgniter\CodeIgniter->runController(Object(App\Controllers\Home))
 9 SYSTEMPATH\CodeIgniter.php(355): CodeIgniter\CodeIgniter->handleRequest(null, Object(Config\Cache), false)
10 SYSTEMPATH\Boot.php(325): CodeIgniter\CodeIgniter->run()
11 SYSTEMPATH\Boot.php(67): CodeIgniter\Boot::runCodeIgniter(Object(CodeIgniter\CodeIgniter))
12 FCPATH\index.php(56): CodeIgniter\Boot::bootWeb(Object(Config\Paths))
13 SYSTEMPATH\rewrite.php(44): require_once('E:\\xampp\\htdocs\\Skripsi\\smart-feeding\\public\\index.php')
