CRITICAL - 2024-10-14 13:19:55 --> CodeIgniter\HTTP\Exceptions\HTTPException: 22 : The requested URL returned error: 400
[Method: GET, Route: postDataFeeding/5/undefined]
in SYSTEMPATH\HTTP\CURLRequest.php on line 694.
 1 SYSTEMPATH\HTTP\CURLRequest.php(694): CodeIgniter\HTTP\Exceptions\HTTPException::forCurlError('22', 'The requested URL returned error: 400')
 2 SYSTEMPATH\HTTP\CURLRequest.php(383): CodeIgniter\HTTP\CURLRequest->sendRequest([...])
 3 SYSTEMPATH\HTTP\CURLRequest.php(152): CodeIgniter\HTTP\CURLRequest->send('GET', 'https://blynk.cloud/external/api/update?token=MWfNMKyrSoDcUmzZLGtvjbV4nT2qbNIl&5=undefined')
 4 SYSTEMPATH\HTTP\CURLRequest.php(187): CodeIgniter\HTTP\CURLRequest->request('GET', 'https://blynk.cloud/external/api/update?token=MWfNMKyrSoDcUmzZLGtvjbV4nT2qbNIl&5=undefined', [])
 5 APPPATH\Models\HomeModel.php(33): CodeIgniter\HTTP\CURLRequest->get('https://blynk.cloud/external/api/update?token=MWfNMKyrSoDcUmzZLGtvjbV4nT2qbNIl&5=undefined')
 6 APPPATH\Controllers\Home.php(37): App\Models\HomeModel->postDataFeeding('5', 'undefined')
 7 SYSTEMPATH\CodeIgniter.php(933): App\Controllers\Home->postDataFeeding('5', 'undefined')
 8 SYSTEMPATH\CodeIgniter.php(509): CodeIgniter\CodeIgniter->runController(Object(App\Controllers\Home))
 9 SYSTEMPATH\CodeIgniter.php(355): CodeIgniter\CodeIgniter->handleRequest(null, Object(Config\Cache), false)
10 SYSTEMPATH\Boot.php(325): CodeIgniter\CodeIgniter->run()
11 SYSTEMPATH\Boot.php(67): CodeIgniter\Boot::runCodeIgniter(Object(CodeIgniter\CodeIgniter))
12 FCPATH\index.php(56): CodeIgniter\Boot::bootWeb(Object(Config\Paths))
13 SYSTEMPATH\rewrite.php(44): require_once('E:\\xampp\\htdocs\\Skripsi\\smart-feeding\\public\\index.php')
CRITICAL - 2024-10-14 13:20:30 --> CodeIgniter\HTTP\Exceptions\HTTPException: 22 : The requested URL returned error: 400
[Method: GET, Route: postDataFeeding/5/undefined]
in SYSTEMPATH\HTTP\CURLRequest.php on line 694.
 1 SYSTEMPATH\HTTP\CURLRequest.php(694): CodeIgniter\HTTP\Exceptions\HTTPException::forCurlError('22', 'The requested URL returned error: 400')
 2 SYSTEMPATH\HTTP\CURLRequest.php(383): CodeIgniter\HTTP\CURLRequest->sendRequest([...])
 3 SYSTEMPATH\HTTP\CURLRequest.php(152): CodeIgniter\HTTP\CURLRequest->send('GET', 'https://blynk.cloud/external/api/update?token=MWfNMKyrSoDcUmzZLGtvjbV4nT2qbNIl&5=undefined')
 4 SYSTEMPATH\HTTP\CURLRequest.php(187): CodeIgniter\HTTP\CURLRequest->request('GET', 'https://blynk.cloud/external/api/update?token=MWfNMKyrSoDcUmzZLGtvjbV4nT2qbNIl&5=undefined', [])
 5 APPPATH\Models\HomeModel.php(33): CodeIgniter\HTTP\CURLRequest->get('https://blynk.cloud/external/api/update?token=MWfNMKyrSoDcUmzZLGtvjbV4nT2qbNIl&5=undefined')
 6 APPPATH\Controllers\Home.php(37): App\Models\HomeModel->postDataFeeding('5', 'undefined')
 7 SYSTEMPATH\CodeIgniter.php(933): App\Controllers\Home->postDataFeeding('5', 'undefined')
 8 SYSTEMPATH\CodeIgniter.php(509): CodeIgniter\CodeIgniter->runController(Object(App\Controllers\Home))
 9 SYSTEMPATH\CodeIgniter.php(355): CodeIgniter\CodeIgniter->handleRequest(null, Object(Config\Cache), false)
10 SYSTEMPATH\Boot.php(325): CodeIgniter\CodeIgniter->run()
11 SYSTEMPATH\Boot.php(67): CodeIgniter\Boot::runCodeIgniter(Object(CodeIgniter\CodeIgniter))
12 FCPATH\index.php(56): CodeIgniter\Boot::bootWeb(Object(Config\Paths))
13 SYSTEMPATH\rewrite.php(44): require_once('E:\\xampp\\htdocs\\Skripsi\\smart-feeding\\public\\index.php')
CRITICAL - 2024-10-14 13:21:06 --> CodeIgniter\HTTP\Exceptions\HTTPException: 22 : The requested URL returned error: 400
[Method: GET, Route: postDataFishAmount/5]
in SYSTEMPATH\HTTP\CURLRequest.php on line 694.
 1 SYSTEMPATH\HTTP\CURLRequest.php(694): CodeIgniter\HTTP\Exceptions\HTTPException::forCurlError('22', 'The requested URL returned error: 400')
 2 SYSTEMPATH\HTTP\CURLRequest.php(383): CodeIgniter\HTTP\CURLRequest->sendRequest([...])
 3 SYSTEMPATH\HTTP\CURLRequest.php(152): CodeIgniter\HTTP\CURLRequest->send('GET', 'https://blynk.cloud/external/api/update?token=MWfNMKyrSoDcUmzZLGtvjbV4nT2qbNIl&v3=5')
 4 SYSTEMPATH\HTTP\CURLRequest.php(187): CodeIgniter\HTTP\CURLRequest->request('GET', 'https://blynk.cloud/external/api/update?token=MWfNMKyrSoDcUmzZLGtvjbV4nT2qbNIl&v3=5', [])
 5 APPPATH\Models\HomeModel.php(46): CodeIgniter\HTTP\CURLRequest->get('https://blynk.cloud/external/api/update?token=MWfNMKyrSoDcUmzZLGtvjbV4nT2qbNIl&v3=5')
 6 APPPATH\Controllers\Home.php(43): App\Models\HomeModel->postDataFishAmount('5')
 7 SYSTEMPATH\CodeIgniter.php(933): App\Controllers\Home->postDataFishAmount('5')
 8 SYSTEMPATH\CodeIgniter.php(509): CodeIgniter\CodeIgniter->runController(Object(App\Controllers\Home))
 9 SYSTEMPATH\CodeIgniter.php(355): CodeIgniter\CodeIgniter->handleRequest(null, Object(Config\Cache), false)
10 SYSTEMPATH\Boot.php(325): CodeIgniter\CodeIgniter->run()
11 SYSTEMPATH\Boot.php(67): CodeIgniter\Boot::runCodeIgniter(Object(CodeIgniter\CodeIgniter))
12 FCPATH\index.php(56): CodeIgniter\Boot::bootWeb(Object(Config\Paths))
13 SYSTEMPATH\rewrite.php(44): require_once('E:\\xampp\\htdocs\\Skripsi\\smart-feeding\\public\\index.php')
